Determining if the pthread_create exist failed with the following output:
Change Dir: /home/aaron/ROS/udp_workspace/build/CMakeFiles/CMakeTmp

Run Build Command:"/usr/bin/make" "cmTC_c6867/fast"
/usr/bin/make -f CMakeFiles/cmTC_c6867.dir/build.make CMakeFiles/cmTC_c6867.dir/build
make[1]: Entering directory '/home/aaron/ROS/udp_workspace/build/CMakeFiles/CMakeTmp'
Building C object CMakeFiles/cmTC_c6867.dir/CheckSymbolExists.c.o
/usr/bin/cc    -o CMakeFiles/cmTC_c6867.dir/CheckSymbolExists.c.o   -c /home/aaron/ROS/udp_workspace/build/CMakeFiles/CMakeTmp/CheckSymbolExists.c
Linking C executable cmTC_c6867
/usr/bin/cmake -E cmake_link_script CMakeFiles/cmTC_c6867.dir/link.txt --verbose=1
/usr/bin/cc      -rdynamic CMakeFiles/cmTC_c6867.dir/CheckSymbolExists.c.o  -o cmTC_c6867 
CMakeFiles/cmTC_c6867.dir/CheckSymbolExists.c.o: In function `main':
CheckSymbolExists.c:(.text+0x1b): undefined reference to `pthread_create'
collect2: error: ld returned 1 exit status
CMakeFiles/cmTC_c6867.dir/build.make:97: recipe for target 'cmTC_c6867' failed
make[1]: *** [cmTC_c6867] Error 1
make[1]: Leaving directory '/home/aaron/ROS/udp_workspace/build/CMakeFiles/CMakeTmp'
Makefile:126: recipe for target 'cmTC_c6867/fast' failed
make: *** [cmTC_c6867/fast] Error 2

File /home/aaron/ROS/udp_workspace/build/CMakeFiles/CMakeTmp/CheckSymbolExists.c:
/* */
#include <pthread.h>

int main(int argc, char** argv)
{
  (void)argv;
#ifndef pthread_create
  return ((int*)(&pthread_create))[argc];
#else
  (void)argc;
  return 0;
#endif
}

Determining if the function pthread_create exists in the pthreads failed with the following output:
Change Dir: /home/aaron/ROS/udp_workspace/build/CMakeFiles/CMakeTmp

Run Build Command:"/usr/bin/make" "cmTC_71beb/fast"
/usr/bin/make -f CMakeFiles/cmTC_71beb.dir/build.make CMakeFiles/cmTC_71beb.dir/build
make[1]: Entering directory '/home/aaron/ROS/udp_workspace/build/CMakeFiles/CMakeTmp'
Building C object CMakeFiles/cmTC_71beb.dir/CheckFunctionExists.c.o
/usr/bin/cc   -DCHECK_FUNCTION_EXISTS=pthread_create   -o CMakeFiles/cmTC_71beb.dir/CheckFunctionExists.c.o   -c /usr/share/cmake-3.10/Modules/CheckFunctionExists.c
Linking C executable cmTC_71beb
/usr/bin/cmake -E cmake_link_script CMakeFiles/cmTC_71beb.dir/link.txt --verbose=1
/usr/bin/cc  -DCHECK_FUNCTION_EXISTS=pthread_create    -rdynamic CMakeFiles/cmTC_71beb.dir/CheckFunctionExists.c.o  -o cmTC_71beb -lpthreads 
/usr/bin/ld: cannot find -lpthreads
collect2: error: ld returned 1 exit status
CMakeFiles/cmTC_71beb.dir/build.make:97: recipe for target 'cmTC_71beb' failed
make[1]: *** [cmTC_71beb] Error 1
make[1]: Leaving directory '/home/aaron/ROS/udp_workspace/build/CMakeFiles/CMakeTmp'
Makefile:126: recipe for target 'cmTC_71beb/fast' failed
make: *** [cmTC_71beb/fast] Error 2


