Determining if the pthread_create exist failed with the following output:
Change Dir: /home/aaron/ROS/ros_workspace/build/CMakeFiles/CMakeTmp

Run Build Command:"/usr/bin/make" "cmTC_dd5e5/fast"
/usr/bin/make -f CMakeFiles/cmTC_dd5e5.dir/build.make CMakeFiles/cmTC_dd5e5.dir/build
make[1]: Entering directory '/home/aaron/ROS/ros_workspace/build/CMakeFiles/CMakeTmp'
Building C object CMakeFiles/cmTC_dd5e5.dir/CheckSymbolExists.c.o
/usr/bin/cc    -o CMakeFiles/cmTC_dd5e5.dir/CheckSymbolExists.c.o   -c /home/aaron/ROS/ros_workspace/build/CMakeFiles/CMakeTmp/CheckSymbolExists.c
Linking C executable cmTC_dd5e5
/usr/bin/cmake -E cmake_link_script CMakeFiles/cmTC_dd5e5.dir/link.txt --verbose=1
/usr/bin/cc      -rdynamic CMakeFiles/cmTC_dd5e5.dir/CheckSymbolExists.c.o  -o cmTC_dd5e5 
CMakeFiles/cmTC_dd5e5.dir/CheckSymbolExists.c.o: In function `main':
CheckSymbolExists.c:(.text+0x1b): undefined reference to `pthread_create'
collect2: error: ld returned 1 exit status
CMakeFiles/cmTC_dd5e5.dir/build.make:97: recipe for target 'cmTC_dd5e5' failed
make[1]: *** [cmTC_dd5e5] Error 1
make[1]: Leaving directory '/home/aaron/ROS/ros_workspace/build/CMakeFiles/CMakeTmp'
Makefile:126: recipe for target 'cmTC_dd5e5/fast' failed
make: *** [cmTC_dd5e5/fast] Error 2

File /home/aaron/ROS/ros_workspace/build/CMakeFiles/CMakeTmp/CheckSymbolExists.c:
/* */
#include <pthread.h>

int main(int argc, char** argv)
{
  (void)argv;
#ifndef pthread_create
  return ((int*)(&pthread_create))[argc];
#else
  (void)argc;
  return 0;
#endif
}

Determining if the function pthread_create exists in the pthreads failed with the following output:
Change Dir: /home/aaron/ROS/ros_workspace/build/CMakeFiles/CMakeTmp

Run Build Command:"/usr/bin/make" "cmTC_aa44f/fast"
/usr/bin/make -f CMakeFiles/cmTC_aa44f.dir/build.make CMakeFiles/cmTC_aa44f.dir/build
make[1]: Entering directory '/home/aaron/ROS/ros_workspace/build/CMakeFiles/CMakeTmp'
Building C object CMakeFiles/cmTC_aa44f.dir/CheckFunctionExists.c.o
/usr/bin/cc   -DCHECK_FUNCTION_EXISTS=pthread_create   -o CMakeFiles/cmTC_aa44f.dir/CheckFunctionExists.c.o   -c /usr/share/cmake-3.10/Modules/CheckFunctionExists.c
Linking C executable cmTC_aa44f
/usr/bin/cmake -E cmake_link_script CMakeFiles/cmTC_aa44f.dir/link.txt --verbose=1
/usr/bin/cc  -DCHECK_FUNCTION_EXISTS=pthread_create    -rdynamic CMakeFiles/cmTC_aa44f.dir/CheckFunctionExists.c.o  -o cmTC_aa44f -lpthreads 
/usr/bin/ld: cannot find -lpthreads
collect2: error: ld returned 1 exit status
CMakeFiles/cmTC_aa44f.dir/build.make:97: recipe for target 'cmTC_aa44f' failed
make[1]: *** [cmTC_aa44f] Error 1
make[1]: Leaving directory '/home/aaron/ROS/ros_workspace/build/CMakeFiles/CMakeTmp'
Makefile:126: recipe for target 'cmTC_aa44f/fast' failed
make: *** [cmTC_aa44f/fast] Error 2


